# JRE version: Java(TM) SE Runtime Environment (17.0.12+8) (build 17.0.12+8-LTS-286)
# Java VM: Java HotSpot(TM) 64-Bit Server VM (17.0.12+8-LTS-286, mixed mode, sharing, tiered, compressed oops, compressed class ptrs, g1 gc, windows-amd64)
GC Precious Log:
 CPUs: 4 total, 4 available
 Memory: 8025M
 Large Page Support: Disabled
 NUMA Support: Disabled
 Compressed Oops: Enabled (32-bit)
 Heap Region Size: 1M
 Heap Min Capacity: 8M
 Heap Initial Capacity: 126M
 Heap Max Capacity: 2008M
 Pre-touch: Disabled
 Parallel Workers: 4
 Concurrent Workers: 1
 Concurrent Refinement Workers: 4
 Periodic GC: Disabled
Heap:
 garbage-first heap   total 129024K, used 8329K [0x0000000082800000, 0x0000000100000000)
  region size 1024K, 6 young (6144K), 2 survivors (2048K)
 Metaspace       used 10431K, committed 10560K, reserved 1114112K
  class space    used 1278K, committed 1344K, reserved 1048576K
GC Heap History (6 events):
Event: 15.004 GC heap before
{Heap before GC invocations=0 (full 0):
 garbage-first heap   total 129024K, used 13312K [0x0000000082800000, 0x0000000100000000)
  region size 1024K, 13 young (13312K), 0 survivors (0K)
 Metaspace       used 3624K, committed 3776K, reserved 1114112K
  class space    used 387K, committed 448K, reserved 1048576K
}
Event: 15.017 GC heap after
{Heap after GC invocations=1 (full 0):
 garbage-first heap   total 129024K, used 3140K [0x0000000082800000, 0x0000000100000000)
  region size 1024K, 2 young (2048K), 2 survivors (2048K)
 Metaspace       used 3624K, committed 3776K, reserved 1114112K
  class space    used 387K, committed 448K, reserved 1048576K
}
Event: 16.963 GC heap before
{Heap before GC invocations=1 (full 0):
 garbage-first heap   total 129024K, used 15428K [0x0000000082800000, 0x0000000100000000)
  region size 1024K, 14 young (14336K), 2 survivors (2048K)
 Metaspace       used 5581K, committed 5760K, reserved 1114112K
  class space    used 674K, committed 768K, reserved 1048576K
}
Event: 16.971 GC heap after
{Heap after GC invocations=2 (full 0):
 garbage-first heap   total 129024K, used 3909K [0x0000000082800000, 0x0000000100000000)
  region size 1024K, 1 young (1024K), 1 survivors (1024K)
 Metaspace       used 5581K, committed 5760K, reserved 1114112K
  class space    used 674K, committed 768K, reserved 1048576K
}
Event: 19.754 GC heap before
{Heap before GC invocations=2 (full 0):
 garbage-first heap   total 129024K, used 32581K [0x0000000082800000, 0x0000000100000000)
  region size 1024K, 29 young (29696K), 1 survivors (1024K)
 Metaspace       used 9722K, committed 9856K, reserved 1114112K
  class space    used 1180K, committed 1280K, reserved 1048576K
}
Event: 19.758 GC heap after
{Heap after GC invocations=3 (full 0):
 garbage-first heap   total 129024K, used 5257K [0x0000000082800000, 0x0000000100000000)
  region size 1024K, 2 young (2048K), 2 survivors (2048K)
 Metaspace       used 9722K, committed 9856K, reserved 1114112K
  class space    used 1180K, committed 1280K, reserved 1048576K
}

